<?xml version="1.0" encoding="UTF-8"?>
<coverage generated="1737319383338" clover="3.2.0">
  <project timestamp="1737319383338" name="All files">
    <metrics statements="86" coveredstatements="78" conditionals="34" coveredconditionals="20" methods="36" coveredmethods="35" elements="156" coveredelements="133" complexity="0" loc="86" ncloc="86" packages="9" files="19" classes="19"/>
    <package name="api">
      <metrics statements="41" coveredstatements="39" conditionals="14" coveredconditionals="8" methods="12" coveredmethods="12"/>
      <file name="booklog.ts" path="/Users/frank/Developer/frankshowalter.com/src/api/booklog.ts">
        <metrics statements="6" coveredstatements="6" conditionals="0" coveredconditionals="0" methods="3" coveredmethods="3"/>
        <line num="8" count="1" type="stmt"/>
        <line num="13" count="1" type="stmt"/>
        <line num="17" count="1" type="stmt"/>
        <line num="18" count="1" type="stmt"/>
        <line num="20" count="1" type="stmt"/>
        <line num="21" count="6" type="stmt"/>
      </file>
      <file name="images.ts" path="/Users/frank/Developer/frankshowalter.com/src/api/images.ts">
        <metrics statements="28" coveredstatements="26" conditionals="14" coveredconditionals="8" methods="6" coveredmethods="6"/>
        <line num="10" count="1" type="stmt"/>
        <line num="14" count="1" type="cond" truecount="1" falsecount="1"/>
        <line num="15" count="1" type="stmt"/>
        <line num="20" count="1" type="stmt"/>
        <line num="24" count="1" type="cond" truecount="1" falsecount="1"/>
        <line num="25" count="1" type="stmt"/>
        <line num="31" count="6" type="stmt"/>
        <line num="32" count="21" type="stmt"/>
        <line num="37" count="6" type="cond" truecount="1" falsecount="1"/>
        <line num="38" count="6" type="stmt"/>
        <line num="41" count="6" type="cond" truecount="1" falsecount="1"/>
        <line num="42" count="0" type="stmt"/>
        <line num="45" count="6" type="stmt"/>
        <line num="49" count="6" type="stmt"/>
        <line num="50" count="21" type="stmt"/>
        <line num="55" count="6" type="cond" truecount="1" falsecount="1"/>
        <line num="56" count="6" type="stmt"/>
        <line num="59" count="6" type="cond" truecount="1" falsecount="1"/>
        <line num="60" count="0" type="stmt"/>
        <line num="63" count="6" type="stmt"/>
        <line num="73" count="12" type="cond" truecount="2" falsecount="0"/>
        <line num="75" count="6" type="stmt"/>
        <line num="76" count="6" type="stmt"/>
        <line num="79" count="6" type="stmt"/>
        <line num="80" count="6" type="stmt"/>
        <line num="84" count="12" type="stmt"/>
        <line num="90" count="48" type="stmt"/>
        <line num="93" count="12" type="stmt"/>
      </file>
      <file name="movielog.ts" path="/Users/frank/Developer/frankshowalter.com/src/api/movielog.ts">
        <metrics statements="6" coveredstatements="6" conditionals="0" coveredconditionals="0" methods="3" coveredmethods="3"/>
        <line num="8" count="1" type="stmt"/>
        <line num="13" count="1" type="stmt"/>
        <line num="17" count="1" type="stmt"/>
        <line num="18" count="1" type="stmt"/>
        <line num="20" count="1" type="stmt"/>
        <line num="21" count="6" type="stmt"/>
      </file>
      <file name="updateSchema.ts" path="/Users/frank/Developer/frankshowalter.com/src/api/updateSchema.ts">
        <metrics statements="1" coveredstatements="1" conditionals="0" coveredconditionals="0" methods="0" coveredmethods="0"/>
        <line num="3" count="1" type="stmt"/>
      </file>
    </package>
    <package name="api.utils">
      <metrics statements="7" coveredstatements="5" conditionals="4" coveredconditionals="2" methods="2" coveredmethods="2"/>
      <file name="getContentPath.ts" path="/Users/frank/Developer/frankshowalter.com/src/api/utils/getContentPath.ts">
        <metrics statements="3" coveredstatements="2" conditionals="2" coveredconditionals="1" methods="1" coveredmethods="1"/>
        <line num="4" count="2" type="cond" truecount="1" falsecount="1"/>
        <line num="5" count="2" type="stmt"/>
        <line num="8" count="0" type="stmt"/>
      </file>
      <file name="normalizeSources.ts" path="/Users/frank/Developer/frankshowalter.com/src/api/utils/normalizeSources.ts">
        <metrics statements="4" coveredstatements="3" conditionals="2" coveredconditionals="1" methods="1" coveredmethods="1"/>
        <line num="1" count="1" type="stmt"/>
        <line num="4" count="24" type="cond" truecount="1" falsecount="1"/>
        <line num="5" count="24" type="stmt"/>
        <line num="7" count="0" type="stmt"/>
      </file>
    </package>
    <package name="api.utils.__mocks__">
      <metrics statements="3" coveredstatements="0" conditionals="2" coveredconditionals="0" methods="1" coveredmethods="0"/>
      <file name="getContentPath.ts" path="/Users/frank/Developer/frankshowalter.com/src/api/utils/__mocks__/getContentPath.ts">
        <metrics statements="3" coveredstatements="0" conditionals="2" coveredconditionals="0" methods="1" coveredmethods="0"/>
        <line num="4" count="0" type="cond" truecount="0" falsecount="2"/>
        <line num="5" count="0" type="stmt"/>
        <line num="8" count="0" type="stmt"/>
      </file>
    </package>
    <package name="components">
      <metrics statements="12" coveredstatements="11" conditionals="4" coveredconditionals="3" methods="6" coveredmethods="6"/>
      <file name="Backdrop.tsx" path="/Users/frank/Developer/frankshowalter.com/src/components/Backdrop.tsx">
        <metrics statements="4" coveredstatements="4" conditionals="0" coveredconditionals="0" methods="4" coveredmethods="4"/>
        <line num="10" count="1" type="stmt"/>
        <line num="19" count="1" type="stmt"/>
        <line num="25" count="1" type="stmt"/>
        <line num="29" count="1" type="stmt"/>
      </file>
      <file name="Grade.tsx" path="/Users/frank/Developer/frankshowalter.com/src/components/Grade.tsx">
        <metrics statements="6" coveredstatements="5" conditionals="4" coveredconditionals="3" methods="1" coveredmethods="1"/>
        <line num="1" count="1" type="stmt"/>
        <line num="22" count="12" type="cond" truecount="3" falsecount="1"/>
        <line num="23" count="0" type="stmt"/>
        <line num="26" count="12" type="stmt"/>
        <line num="28" count="12" type="stmt"/>
        <line num="30" count="12" type="stmt"/>
      </file>
      <file name="SubHeading.tsx" path="/Users/frank/Developer/frankshowalter.com/src/components/SubHeading.tsx">
        <metrics statements="2" coveredstatements="2" conditionals="0" coveredconditionals="0" methods="1" coveredmethods="1"/>
        <line num="10" count="2" type="stmt"/>
        <line num="12" count="2" type="stmt"/>
      </file>
    </package>
    <package name="components.Home">
      <metrics statements="13" coveredstatements="13" conditionals="4" coveredconditionals="2" methods="10" coveredmethods="10"/>
      <file name="Home.tsx" path="/Users/frank/Developer/frankshowalter.com/src/components/Home/Home.tsx">
        <metrics statements="4" coveredstatements="4" conditionals="0" coveredconditionals="0" methods="4" coveredmethods="4"/>
        <line num="15" count="2" type="stmt"/>
        <line num="43" count="12" type="stmt"/>
        <line num="61" count="12" type="stmt"/>
        <line num="77" count="2" type="stmt"/>
      </file>
      <file name="HomeImage.tsx" path="/Users/frank/Developer/frankshowalter.com/src/components/Home/HomeImage.tsx">
        <metrics statements="1" coveredstatements="1" conditionals="2" coveredconditionals="0" methods="1" coveredmethods="1"/>
        <line num="19" count="12" type="stmt"/>
      </file>
      <file name="HomeListItem.tsx" path="/Users/frank/Developer/frankshowalter.com/src/components/Home/HomeListItem.tsx">
        <metrics statements="3" coveredstatements="3" conditionals="2" coveredconditionals="2" methods="2" coveredmethods="2"/>
        <line num="9" count="1" type="stmt"/>
        <line num="33" count="12" type="stmt"/>
        <line num="61" count="12" type="stmt"/>
      </file>
      <file name="getProps.ts" path="/Users/frank/Developer/frankshowalter.com/src/components/Home/getProps.ts">
        <metrics statements="5" coveredstatements="5" conditionals="0" coveredconditionals="0" methods="3" coveredmethods="3"/>
        <line num="8" count="1" type="stmt"/>
        <line num="9" count="1" type="stmt"/>
        <line num="11" count="1" type="stmt"/>
        <line num="14" count="6" type="stmt"/>
        <line num="26" count="6" type="stmt"/>
      </file>
    </package>
    <package name="components.Layout">
      <metrics statements="2" coveredstatements="2" conditionals="0" coveredconditionals="0" methods="2" coveredmethods="2"/>
      <file name="Footer.tsx" path="/Users/frank/Developer/frankshowalter.com/src/components/Layout/Footer.tsx">
        <metrics statements="1" coveredstatements="1" conditionals="0" coveredconditionals="0" methods="1" coveredmethods="1"/>
        <line num="4" count="1" type="stmt"/>
      </file>
      <file name="Layout.tsx" path="/Users/frank/Developer/frankshowalter.com/src/components/Layout/Layout.tsx">
        <metrics statements="1" coveredstatements="1" conditionals="0" coveredconditionals="0" methods="1" coveredmethods="1"/>
        <line num="14" count="1" type="stmt"/>
      </file>
    </package>
    <package name="layouts">
      <metrics statements="5" coveredstatements="5" conditionals="6" coveredconditionals="5" methods="1" coveredmethods="1"/>
      <file name="Layout.astro" path="/Users/frank/Developer/frankshowalter.com/src/layouts/Layout.astro">
        <metrics statements="5" coveredstatements="5" conditionals="6" coveredconditionals="5" methods="1" coveredmethods="1"/>
        <line num="1" count="6" type="stmt"/>
        <line num="20" count="1" type="stmt"/>
        <line num="25" count="1" type="stmt"/>
        <line num="27" count="1" type="cond" truecount="1" falsecount="1"/>
        <line num="31" count="1" type="stmt"/>
      </file>
    </package>
    <package name="pages">
      <metrics statements="2" coveredstatements="2" conditionals="0" coveredconditionals="0" methods="1" coveredmethods="1"/>
      <file name="index.astro" path="/Users/frank/Developer/frankshowalter.com/src/pages/index.astro">
        <metrics statements="2" coveredstatements="2" conditionals="0" coveredconditionals="0" methods="1" coveredmethods="1"/>
        <line num="1" count="2" type="stmt"/>
        <line num="6" count="1" type="stmt"/>
      </file>
    </package>
    <package name="utils">
      <metrics statements="1" coveredstatements="1" conditionals="0" coveredconditionals="0" methods="1" coveredmethods="1"/>
      <file name="normalizeScriptSrc.ts" path="/Users/frank/Developer/frankshowalter.com/src/utils/normalizeScriptSrc.ts">
        <metrics statements="1" coveredstatements="1" conditionals="0" coveredconditionals="0" methods="1" coveredmethods="1"/>
        <line num="2" count="1" type="stmt"/>
      </file>
    </package>
  </project>
</coverage>
