{"/Users/frank/Developer/frankshowalter.com/src/api/booklog.ts": {"path":"/Users/frank/Developer/frankshowalter.com/src/api/booklog.ts","statementMap":{"0":{"start":{"line":8,"column":24},"end":{"line":8,"column":null}},"1":{"start":{"line":13,"column":2},"end":{"line":13,"column":null}},"2":{"start":{"line":17,"column":15},"end":{"line":17,"column":null}},"3":{"start":{"line":18,"column":15},"end":{"line":18,"column":null}},"4":{"start":{"line":20,"column":2},"end":{"line":22,"column":null}},"5":{"start":{"line":21,"column":4},"end":{"line":21,"column":null}}},"fnMap":{"0":{"name":"booklogUpdates","decl":{"start":{"line":12,"column":22},"end":{"line":12,"column":65}},"loc":{"start":{"line":12,"column":65},"end":{"line":14,"column":null}}},"1":{"name":"parseBooklogJson","decl":{"start":{"line":16,"column":15},"end":{"line":16,"column":34}},"loc":{"start":{"line":16,"column":34},"end":{"line":23,"column":null}}},"2":{"name":"(anonymous_2)","decl":{"start":{"line":20,"column":18},"end":{"line":20,"column":19}},"loc":{"start":{"line":20,"column":28},"end":{"line":22,"column":3}}}},"branchMap":{},"s":{"0":1,"1":1,"2":1,"3":1,"4":1,"5":6},"f":{"0":1,"1":1,"2":6},"b":{}}
,"/Users/frank/Developer/frankshowalter.com/src/api/images.ts": {"path":"/Users/frank/Developer/frankshowalter.com/src/api/images.ts","statementMap":{"0":{"start":{"line":10,"column":13},"end":{"line":12,"column":null}},"1":{"start":{"line":14,"column":0},"end":{"line":18,"column":null}},"2":{"start":{"line":15,"column":2},"end":{"line":17,"column":null}},"3":{"start":{"line":20,"column":14},"end":{"line":22,"column":null}},"4":{"start":{"line":24,"column":0},"end":{"line":28,"column":null}},"5":{"start":{"line":25,"column":2},"end":{"line":27,"column":null}},"6":{"start":{"line":31,"column":19},"end":{"line":33,"column":null}},"7":{"start":{"line":32,"column":4},"end":{"line":32,"column":null}},"8":{"start":{"line":37,"column":2},"end":{"line":39,"column":null}},"9":{"start":{"line":38,"column":4},"end":{"line":38,"column":null}},"10":{"start":{"line":41,"column":2},"end":{"line":43,"column":null}},"11":{"start":{"line":42,"column":4},"end":{"line":42,"column":null}},"12":{"start":{"line":45,"column":2},"end":{"line":45,"column":null}},"13":{"start":{"line":49,"column":20},"end":{"line":51,"column":null}},"14":{"start":{"line":50,"column":4},"end":{"line":50,"column":null}},"15":{"start":{"line":55,"column":2},"end":{"line":57,"column":null}},"16":{"start":{"line":56,"column":4},"end":{"line":56,"column":null}},"17":{"start":{"line":59,"column":2},"end":{"line":61,"column":null}},"18":{"start":{"line":60,"column":4},"end":{"line":60,"column":null}},"19":{"start":{"line":63,"column":2},"end":{"line":63,"column":null}},"20":{"start":{"line":73,"column":2},"end":{"line":82,"column":null}},"21":{"start":{"line":75,"column":6},"end":{"line":75,"column":null}},"22":{"start":{"line":76,"column":6},"end":{"line":76,"column":null}},"23":{"start":{"line":79,"column":6},"end":{"line":79,"column":null}},"24":{"start":{"line":80,"column":6},"end":{"line":80,"column":null}},"25":{"start":{"line":84,"column":25},"end":{"line":91,"column":null}},"26":{"start":{"line":90,"column":41},"end":{"line":90,"column":50}},"27":{"start":{"line":93,"column":2},"end":{"line":96,"column":null}}},"fnMap":{"0":{"name":"getCover","decl":{"start":{"line":30,"column":15},"end":{"line":30,"column":24}},"loc":{"start":{"line":30,"column":38},"end":{"line":46,"column":null}}},"1":{"name":"(anonymous_1)","decl":{"start":{"line":31,"column":44},"end":{"line":31,"column":45}},"loc":{"start":{"line":31,"column":55},"end":{"line":33,"column":3}}},"2":{"name":"getPoster","decl":{"start":{"line":48,"column":15},"end":{"line":48,"column":25}},"loc":{"start":{"line":48,"column":39},"end":{"line":64,"column":null}}},"3":{"name":"(anonymous_3)","decl":{"start":{"line":49,"column":46},"end":{"line":49,"column":47}},"loc":{"start":{"line":49,"column":57},"end":{"line":51,"column":3}}},"4":{"name":"getFluidImageProps","decl":{"start":{"line":66,"column":22},"end":{"line":66,"column":null}},"loc":{"start":{"line":70,"column":23},"end":{"line":97,"column":null}}},"5":{"name":"(anonymous_5)","decl":{"start":{"line":90,"column":34},"end":{"line":90,"column":35}},"loc":{"start":{"line":90,"column":41},"end":{"line":90,"column":50}}}},"branchMap":{"0":{"loc":{"start":{"line":14,"column":0},"end":{"line":18,"column":null}},"type":"if","locations":[{"start":{"line":14,"column":0},"end":{"line":18,"column":null}},{"start":{},"end":{}}]},"1":{"loc":{"start":{"line":24,"column":0},"end":{"line":28,"column":null}},"type":"if","locations":[{"start":{"line":24,"column":0},"end":{"line":28,"column":null}},{"start":{},"end":{}}]},"2":{"loc":{"start":{"line":37,"column":2},"end":{"line":39,"column":null}},"type":"if","locations":[{"start":{"line":37,"column":2},"end":{"line":39,"column":null}},{"start":{},"end":{}}]},"3":{"loc":{"start":{"line":41,"column":2},"end":{"line":43,"column":null}},"type":"if","locations":[{"start":{"line":41,"column":2},"end":{"line":43,"column":null}},{"start":{},"end":{}}]},"4":{"loc":{"start":{"line":55,"column":2},"end":{"line":57,"column":null}},"type":"if","locations":[{"start":{"line":55,"column":2},"end":{"line":57,"column":null}},{"start":{},"end":{}}]},"5":{"loc":{"start":{"line":59,"column":2},"end":{"line":61,"column":null}},"type":"if","locations":[{"start":{"line":59,"column":2},"end":{"line":61,"column":null}},{"start":{},"end":{}}]},"6":{"loc":{"start":{"line":73,"column":2},"end":{"line":82,"column":null}},"type":"switch","locations":[{"start":{"line":74,"column":4},"end":{"line":77,"column":null}},{"start":{"line":78,"column":4},"end":{"line":81,"column":null}}]}},"s":{"0":1,"1":1,"2":1,"3":1,"4":1,"5":1,"6":6,"7":21,"8":6,"9":6,"10":6,"11":0,"12":6,"13":6,"14":21,"15":6,"16":6,"17":6,"18":0,"19":6,"20":12,"21":6,"22":6,"23":6,"24":6,"25":12,"26":48,"27":12},"f":{"0":6,"1":21,"2":6,"3":21,"4":12,"5":48},"b":{"0":[1,0],"1":[1,0],"2":[6,0],"3":[0,6],"4":[6,0],"5":[0,6],"6":[6,6]}}
,"/Users/frank/Developer/frankshowalter.com/src/api/movielog.ts": {"path":"/Users/frank/Developer/frankshowalter.com/src/api/movielog.ts","statementMap":{"0":{"start":{"line":8,"column":25},"end":{"line":8,"column":null}},"1":{"start":{"line":13,"column":2},"end":{"line":13,"column":null}},"2":{"start":{"line":17,"column":15},"end":{"line":17,"column":null}},"3":{"start":{"line":18,"column":15},"end":{"line":18,"column":null}},"4":{"start":{"line":20,"column":2},"end":{"line":22,"column":null}},"5":{"start":{"line":21,"column":4},"end":{"line":21,"column":null}}},"fnMap":{"0":{"name":"movielogUpdates","decl":{"start":{"line":12,"column":22},"end":{"line":12,"column":67}},"loc":{"start":{"line":12,"column":67},"end":{"line":14,"column":null}}},"1":{"name":"parseMovielogJson","decl":{"start":{"line":16,"column":15},"end":{"line":16,"column":35}},"loc":{"start":{"line":16,"column":35},"end":{"line":23,"column":null}}},"2":{"name":"(anonymous_2)","decl":{"start":{"line":20,"column":18},"end":{"line":20,"column":19}},"loc":{"start":{"line":20,"column":28},"end":{"line":22,"column":3}}}},"branchMap":{},"s":{"0":1,"1":1,"2":1,"3":1,"4":1,"5":6},"f":{"0":1,"1":1,"2":6},"b":{}}
,"/Users/frank/Developer/frankshowalter.com/src/api/updateSchema.ts": {"path":"/Users/frank/Developer/frankshowalter.com/src/api/updateSchema.ts","statementMap":{"0":{"start":{"line":3,"column":28},"end":{"line":8,"column":null}}},"fnMap":{},"branchMap":{},"s":{"0":1},"f":{},"b":{}}
,"/Users/frank/Developer/frankshowalter.com/src/api/utils/getContentPath.ts": {"path":"/Users/frank/Developer/frankshowalter.com/src/api/utils/getContentPath.ts","statementMap":{"0":{"start":{"line":4,"column":2},"end":{"line":6,"column":null}},"1":{"start":{"line":5,"column":4},"end":{"line":5,"column":null}},"2":{"start":{"line":8,"column":2},"end":{"line":8,"column":null}}},"fnMap":{"0":{"name":"getContentPath","decl":{"start":{"line":3,"column":16},"end":{"line":3,"column":31}},"loc":{"start":{"line":3,"column":74},"end":{"line":9,"column":null}}}},"branchMap":{"0":{"loc":{"start":{"line":4,"column":2},"end":{"line":6,"column":null}},"type":"if","locations":[{"start":{"line":4,"column":2},"end":{"line":6,"column":null}},{"start":{},"end":{}}]}},"s":{"0":2,"1":2,"2":0},"f":{"0":2},"b":{"0":[2,0]}}
,"/Users/frank/Developer/frankshowalter.com/src/api/utils/normalizeSources.ts": {"path":"/Users/frank/Developer/frankshowalter.com/src/api/utils/normalizeSources.ts","statementMap":{"0":{"start":{"line":1,"column":14},"end":{"line":1,"column":null}},"1":{"start":{"line":4,"column":2},"end":{"line":6,"column":null}},"2":{"start":{"line":5,"column":4},"end":{"line":5,"column":null}},"3":{"start":{"line":7,"column":2},"end":{"line":7,"column":null}}},"fnMap":{"0":{"name":"normalizeSources","decl":{"start":{"line":3,"column":16},"end":{"line":3,"column":33}},"loc":{"start":{"line":3,"column":58},"end":{"line":8,"column":null}}}},"branchMap":{"0":{"loc":{"start":{"line":4,"column":2},"end":{"line":6,"column":null}},"type":"if","locations":[{"start":{"line":4,"column":2},"end":{"line":6,"column":null}},{"start":{},"end":{}}]}},"s":{"0":1,"1":24,"2":24,"3":0},"f":{"0":24},"b":{"0":[24,0]}}
,"/Users/frank/Developer/frankshowalter.com/src/api/utils/__mocks__/getContentPath.ts": {"path":"/Users/frank/Developer/frankshowalter.com/src/api/utils/__mocks__/getContentPath.ts","statementMap":{"0":{"start":{"line":4,"column":2},"end":{"line":6,"column":null}},"1":{"start":{"line":5,"column":4},"end":{"line":5,"column":null}},"2":{"start":{"line":8,"column":2},"end":{"line":8,"column":null}}},"fnMap":{"0":{"name":"getContentPath","decl":{"start":{"line":3,"column":16},"end":{"line":3,"column":31}},"loc":{"start":{"line":3,"column":74},"end":{"line":9,"column":null}}}},"branchMap":{"0":{"loc":{"start":{"line":4,"column":2},"end":{"line":6,"column":null}},"type":"if","locations":[{"start":{"line":4,"column":2},"end":{"line":6,"column":null}},{"start":{},"end":{}}]}},"s":{"0":0,"1":0,"2":0},"f":{"0":0},"b":{"0":[0,0]}}
,"/Users/frank/Developer/frankshowalter.com/src/components/Backdrop.tsx": {"path":"/Users/frank/Developer/frankshowalter.com/src/components/Backdrop.tsx","statementMap":{"0":{"start":{"line":10,"column":2},"end":{"line":14,"column":null}},"1":{"start":{"line":19,"column":2},"end":{"line":20,"column":null}},"2":{"start":{"line":25,"column":2},"end":{"line":25,"column":null}},"3":{"start":{"line":29,"column":2},"end":{"line":38,"column":null}}},"fnMap":{"0":{"name":"SolidBackdrop","decl":{"start":{"line":1,"column":16},"end":{"line":1,"column":30}},"loc":{"start":{"line":9,"column":3},"end":{"line":16,"column":null}}},"1":{"name":"Deck","decl":{"start":{"line":18,"column":9},"end":{"line":18,"column":14}},"loc":{"start":{"line":18,"column":54},"end":{"line":22,"column":null}}},"2":{"name":"Title","decl":{"start":{"line":24,"column":9},"end":{"line":24,"column":15}},"loc":{"start":{"line":24,"column":76},"end":{"line":26,"column":null}}},"3":{"name":"Wrapper","decl":{"start":{"line":28,"column":9},"end":{"line":28,"column":17}},"loc":{"start":{"line":28,"column":62},"end":{"line":40,"column":null}}}},"branchMap":{},"s":{"0":1,"1":1,"2":1,"3":1},"f":{"0":1,"1":1,"2":1,"3":1},"b":{}}
,"/Users/frank/Developer/frankshowalter.com/src/components/Grade.tsx": {"path":"/Users/frank/Developer/frankshowalter.com/src/components/Grade.tsx","statementMap":{"0":{"start":{"line":1,"column":51},"end":{"line":11,"column":null}},"1":{"start":{"line":22,"column":2},"end":{"line":24,"column":null}},"2":{"start":{"line":23,"column":4},"end":{"line":23,"column":null}},"3":{"start":{"line":26,"column":21},"end":{"line":26,"column":null}},"4":{"start":{"line":28,"column":16},"end":{"line":28,"column":null}},"5":{"start":{"line":30,"column":2},"end":{"line":43,"column":null}}},"fnMap":{"0":{"name":"Grade","decl":{"start":{"line":13,"column":16},"end":{"line":13,"column":22}},"loc":{"start":{"line":21,"column":3},"end":{"line":45,"column":null}}}},"branchMap":{"0":{"loc":{"start":{"line":22,"column":2},"end":{"line":24,"column":null}},"type":"if","locations":[{"start":{"line":22,"column":2},"end":{"line":24,"column":null}},{"start":{},"end":{}}]},"1":{"loc":{"start":{"line":22,"column":6},"end":{"line":22,"column":38}},"type":"binary-expr","locations":[{"start":{"line":22,"column":6},"end":{"line":22,"column":16}},{"start":{"line":22,"column":16},"end":{"line":22,"column":38}}]}},"s":{"0":1,"1":12,"2":0,"3":12,"4":12,"5":12},"f":{"0":12},"b":{"0":[0,12],"1":[12,12]}}
,"/Users/frank/Developer/frankshowalter.com/src/components/SubHeading.tsx": {"path":"/Users/frank/Developer/frankshowalter.com/src/components/SubHeading.tsx","statementMap":{"0":{"start":{"line":10,"column":20},"end":{"line":10,"column":null}},"1":{"start":{"line":12,"column":2},"end":{"line":17,"column":null}}},"fnMap":{"0":{"name":"SubHeading","decl":{"start":{"line":1,"column":16},"end":{"line":1,"column":27}},"loc":{"start":{"line":9,"column":3},"end":{"line":19,"column":null}}}},"branchMap":{},"s":{"0":2,"1":2},"f":{"0":2},"b":{}}
,"/Users/frank/Developer/frankshowalter.com/src/components/Home/Home.tsx": {"path":"/Users/frank/Developer/frankshowalter.com/src/components/Home/Home.tsx","statementMap":{"0":{"start":{"line":15,"column":2},"end":{"line":72,"column":null}},"1":{"start":{"line":43,"column":12},"end":{"line":49,"column":null}},"2":{"start":{"line":61,"column":12},"end":{"line":67,"column":null}},"3":{"start":{"line":77,"column":2},"end":{"line":80,"column":null}}},"fnMap":{"0":{"name":"Home","decl":{"start":{"line":14,"column":16},"end":{"line":14,"column":21}},"loc":{"start":{"line":14,"column":78},"end":{"line":74,"column":null}}},"1":{"name":"(anonymous_1)","decl":{"start":{"line":42,"column":31},"end":{"line":42,"column":32}},"loc":{"start":{"line":42,"column":49},"end":{"line":51,"column":11}}},"2":{"name":"(anonymous_2)","decl":{"start":{"line":60,"column":30},"end":{"line":60,"column":31}},"loc":{"start":{"line":60,"column":48},"end":{"line":69,"column":11}}},"3":{"name":"HomeList","decl":{"start":{"line":76,"column":9},"end":{"line":76,"column":18}},"loc":{"start":{"line":76,"column":76},"end":{"line":82,"column":null}}}},"branchMap":{},"s":{"0":2,"1":12,"2":12,"3":2},"f":{"0":2,"1":12,"2":12,"3":2},"b":{}}
,"/Users/frank/Developer/frankshowalter.com/src/components/Home/HomeImage.tsx": {"path":"/Users/frank/Developer/frankshowalter.com/src/components/Home/HomeImage.tsx","statementMap":{"0":{"start":{"line":19,"column":2},"end":{"line":27,"column":null}}},"fnMap":{"0":{"name":"HomeImage","decl":{"start":{"line":13,"column":16},"end":{"line":13,"column":26}},"loc":{"start":{"line":18,"column":23},"end":{"line":29,"column":null}}}},"branchMap":{"0":{"loc":{"start":{"line":14,"column":2},"end":{"line":14,"column":null}},"type":"default-arg","locations":[{"start":{"line":14,"column":13},"end":{"line":14,"column":null}}]},"1":{"loc":{"start":{"line":16,"column":2},"end":{"line":16,"column":null}},"type":"default-arg","locations":[{"start":{"line":16,"column":12},"end":{"line":16,"column":null}}]}},"s":{"0":12},"f":{"0":12},"b":{"0":[0],"1":[0]}}
,"/Users/frank/Developer/frankshowalter.com/src/components/Home/HomeListItem.tsx": {"path":"/Users/frank/Developer/frankshowalter.com/src/components/Home/HomeListItem.tsx","statementMap":{"0":{"start":{"line":9,"column":27},"end":{"line":14,"column":null}},"1":{"start":{"line":33,"column":2},"end":{"line":56,"column":null}},"2":{"start":{"line":61,"column":2},"end":{"line":65,"column":null}}},"fnMap":{"0":{"name":"HomeListItem","decl":{"start":{"line":24,"column":16},"end":{"line":24,"column":29}},"loc":{"start":{"line":32,"column":16},"end":{"line":58,"column":null}}},"1":{"name":"formatDate","decl":{"start":{"line":60,"column":9},"end":{"line":60,"column":20}},"loc":{"start":{"line":60,"column":38},"end":{"line":66,"column":null}}}},"branchMap":{"0":{"loc":{"start":{"line":45,"column":19},"end":{"line":45,"column":null}},"type":"cond-expr","locations":[{"start":{"line":45,"column":41},"end":{"line":45,"column":51}},{"start":{"line":45,"column":51},"end":{"line":45,"column":null}}]}},"s":{"0":1,"1":12,"2":12},"f":{"0":12,"1":12},"b":{"0":[2,10]}}
,"/Users/frank/Developer/frankshowalter.com/src/components/Home/getProps.ts": {"path":"/Users/frank/Developer/frankshowalter.com/src/components/Home/getProps.ts","statementMap":{"0":{"start":{"line":8,"column":23},"end":{"line":8,"column":null}},"1":{"start":{"line":9,"column":24},"end":{"line":9,"column":null}},"2":{"start":{"line":11,"column":2},"end":{"line":32,"column":null}},"3":{"start":{"line":14,"column":8},"end":{"line":21,"column":null}},"4":{"start":{"line":26,"column":8},"end":{"line":29,"column":null}}},"fnMap":{"0":{"name":"getProps","decl":{"start":{"line":7,"column":22},"end":{"line":7,"column":49}},"loc":{"start":{"line":7,"column":49},"end":{"line":33,"column":null}}},"1":{"name":"(anonymous_1)","decl":{"start":{"line":13,"column":24},"end":{"line":13,"column":31}},"loc":{"start":{"line":13,"column":40},"end":{"line":22,"column":7}}},"2":{"name":"(anonymous_2)","decl":{"start":{"line":25,"column":23},"end":{"line":25,"column":30}},"loc":{"start":{"line":25,"column":39},"end":{"line":30,"column":7}}}},"branchMap":{},"s":{"0":1,"1":1,"2":1,"3":6,"4":6},"f":{"0":1,"1":6,"2":6},"b":{}}
,"/Users/frank/Developer/frankshowalter.com/src/components/Layout/Footer.tsx": {"path":"/Users/frank/Developer/frankshowalter.com/src/components/Layout/Footer.tsx","statementMap":{"0":{"start":{"line":4,"column":2},"end":{"line":9,"column":null}}},"fnMap":{"0":{"name":"Footer","decl":{"start":{"line":3,"column":16},"end":{"line":3,"column":38}},"loc":{"start":{"line":3,"column":38},"end":{"line":11,"column":null}}}},"branchMap":{},"s":{"0":1},"f":{"0":1},"b":{}}
,"/Users/frank/Developer/frankshowalter.com/src/components/Layout/Layout.tsx": {"path":"/Users/frank/Developer/frankshowalter.com/src/components/Layout/Layout.tsx","statementMap":{"0":{"start":{"line":14,"column":2},"end":{"line":28,"column":null}}},"fnMap":{"0":{"name":"Layout","decl":{"start":{"line":5,"column":16},"end":{"line":5,"column":23}},"loc":{"start":{"line":13,"column":16},"end":{"line":30,"column":null}}}},"branchMap":{},"s":{"0":1},"f":{"0":1},"b":{}}
,"/Users/frank/Developer/frankshowalter.com/src/layouts/Layout.astro": {"path":"/Users/frank/Developer/frankshowalter.com/src/layouts/Layout.astro","statementMap":{"0":{"start":{"line":1,"column":0},"end":{"line":1,"column":null}},"1":{"start":{"line":20,"column":17},"end":{"line":23,"column":null}},"2":{"start":{"line":25,"column":46},"end":{"line":25,"column":null}},"3":{"start":{"line":27,"column":18},"end":{"line":29,"column":null}},"4":{"start":{"line":31,"column":21},"end":{"line":31,"column":null}},"5":{"start":{"line":1,"column":0},"end":{"line":78,"column":null}}},"fnMap":{"0":{"name":"(anonymous_0)","decl":{"start":{"line":1,"column":0},"end":{"line":1,"column":null}},"loc":{"start":{"line":1,"column":0},"end":{"line":1,"column":null}}}},"branchMap":{"0":{"loc":{"start":{"line":27,"column":18},"end":{"line":29,"column":null}},"type":"cond-expr","locations":[{"start":{"line":28,"column":4},"end":{"line":28,"column":null}},{"start":{"line":29,"column":4},"end":{"line":29,"column":null}}]},"1":{"loc":{"start":{"line":39,"column":5},"end":{"line":1,"column":null}},"type":"binary-expr","locations":[{"start":{"line":39,"column":5},"end":{"line":39,"column":30}},{"start":{"line":1,"column":0},"end":{"line":1,"column":null}}]},"2":{"loc":{"start":{"line":64,"column":5},"end":{"line":1,"column":null}},"type":"binary-expr","locations":[{"start":{"line":64,"column":5},"end":{"line":64,"column":null}},{"start":{"line":1,"column":0},"end":{"line":1,"column":null}}]}},"s":{"0":6,"1":1,"2":1,"3":1,"4":1,"5":1},"f":{"0":2},"b":{"0":[1,0],"1":[1,1],"2":[1,1]}}
,"/Users/frank/Developer/frankshowalter.com/src/pages/index.astro": {"path":"/Users/frank/Developer/frankshowalter.com/src/pages/index.astro","statementMap":{"0":{"start":{"line":1,"column":0},"end":{"line":1,"column":null}},"1":{"start":{"line":6,"column":14},"end":{"line":6,"column":null}},"2":{"start":{"line":1,"column":0},"end":{"line":18,"column":9}}},"fnMap":{"0":{"name":"(anonymous_0)","decl":{"start":{"line":1,"column":0},"end":{"line":1,"column":null}},"loc":{"start":{"line":1,"column":0},"end":{"line":1,"column":null}}}},"branchMap":{},"s":{"0":2,"1":1,"2":1},"f":{"0":2},"b":{}}
,"/Users/frank/Developer/frankshowalter.com/src/utils/normalizeScriptSrc.ts": {"path":"/Users/frank/Developer/frankshowalter.com/src/utils/normalizeScriptSrc.ts","statementMap":{"0":{"start":{"line":2,"column":2},"end":{"line":5,"column":null}}},"fnMap":{"0":{"name":"normalizeScriptSrc","decl":{"start":{"line":1,"column":16},"end":{"line":1,"column":35}},"loc":{"start":{"line":1,"column":51},"end":{"line":6,"column":null}}}},"branchMap":{},"s":{"0":1},"f":{"0":1},"b":{}}
}
